Project_Buy/app/build/intermediates/manifest_merge_blame_file/debug/manifest-merger-blame-debug-report.txt
1<?xml version="1.0" encoding="utf-8"?>
2<manifest xmlns:android="http://schemas.android.com/apk/res/android"
3    package="com.example.project_buy"
4    android:versionCode="1"
5    android:versionName="1.0" >
6
7    <uses-sdk
8        android:minSdkVersion="16"
8-->src\main\AndroidManifest.xml
9        android:targetSdkVersion="30" />
9-->src\main\AndroidManifest.xml
10
11    <!-- 인터넷 사용 권한 -->
12    <uses-permission android:name="android.permission.INTERNET" />
12-->src\main\AndroidManifest.xml:25:5-67
12-->src\main\AndroidManifest.xml:25:22-64
13
14    <!-- Although the *SdkVersion is captured in gradle build files, this is required for non gradle builds -->
15    <!-- <uses-sdk android:minSdkVersion="14"/> -->
16    <uses-permission android:name="android.permission.ACCESS_NETWORK_STATE" />
16-->[com.google.firebase:firebase-database:19.5.0] AndroidManifest.xml:25:5-79
16-->[com.google.firebase:firebase-database:19.5.0] AndroidManifest.xml:25:22-76
17    <uses-permission android:name="android.permission.WAKE_LOCK" />
17-->[com.google.android.gms:play-services-measurement:17.6.0] AndroidManifest.xml:25:5-68
17-->[com.google.android.gms:play-services-measurement:17.6.0] AndroidManifest.xml:25:22-65
18    <uses-permission android:name="com.google.android.finsky.permission.BIND_GET_INSTALL_REFERRER_SERVICE" />
18-->[com.google.android.gms:play-services-measurement:17.6.0] AndroidManifest.xml:26:5-110
18-->[com.google.android.gms:play-services-measurement:17.6.0] AndroidManifest.xml:26:22-107
19
20    <application
20-->src\main\AndroidManifest.xml:5:5-22:19
21        android:allowBackup="true"
21-->src\main\AndroidManifest.xml:6:9-35
22        android:appComponentFactory="androidx.core.app.CoreComponentFactory"
22-->[androidx.core:core:1.3.1] AndroidManifest.xml:24:18-86
23        android:debuggable="true"
24        android:icon="@mipmap/ic_launcher"
24-->src\main\AndroidManifest.xml:7:9-43
25        android:label="@string/app_name"
25-->src\main\AndroidManifest.xml:8:9-41
26        android:roundIcon="@mipmap/ic_launcher_round"
26-->src\main\AndroidManifest.xml:9:9-54
27        android:supportsRtl="true"
27-->src\main\AndroidManifest.xml:10:9-35
28        android:testOnly="true"
29        android:theme="@style/AppTheme" >
29-->src\main\AndroidManifest.xml:11:9-40
30        <activity android:name="com.example.project_buy.MainActivity" >
30-->src\main\AndroidManifest.xml:12:9-18:20
30-->src\main\AndroidManifest.xml:12:19-47
31            <intent-filter>
31-->src\main\AndroidManifest.xml:13:13-17:29
32                <action android:name="android.intent.action.MAIN" />
32-->src\main\AndroidManifest.xml:14:17-69
32-->src\main\AndroidManifest.xml:14:25-66
33
34                <category android:name="android.intent.category.LAUNCHER" />
34-->src\main\AndroidManifest.xml:16:17-77
34-->src\main\AndroidManifest.xml:16:27-74
35            </intent-filter>
36        </activity>
37        <activity android:name="com.example.project_buy.CartActivity" />
37-->src\main\AndroidManifest.xml:20:9-49
37-->src\main\AndroidManifest.xml:20:19-47
38        <activity android:name="com.example.project_buy.BuyActivity" />
38-->src\main\AndroidManifest.xml:21:9-48
38-->src\main\AndroidManifest.xml:21:19-46
39
40        <service
40-->[com.google.firebase:firebase-database:19.5.0] AndroidManifest.xml:29:9-35:19
41            android:name="com.google.firebase.components.ComponentDiscoveryService"
41-->[com.google.firebase:firebase-database:19.5.0] AndroidManifest.xml:30:13-84
42            android:directBootAware="true"
42-->[com.google.firebase:firebase-common:19.3.1] AndroidManifest.xml:35:13-43
43            android:exported="false" >
43-->[com.google.firebase:firebase-database:19.5.0] AndroidManifest.xml:31:13-37
44            <meta-data
44-->[com.google.firebase:firebase-database:19.5.0] AndroidManifest.xml:32:13-34:85
45                android:name="com.google.firebase.components:com.google.firebase.database.DatabaseRegistrar"
45-->[com.google.firebase:firebase-database:19.5.0] AndroidManifest.xml:33:17-109
46                android:value="com.google.firebase.components.ComponentRegistrar" />
46-->[com.google.firebase:firebase-database:19.5.0] AndroidManifest.xml:34:17-82
47            <meta-data
47-->[com.google.android.gms:play-services-measurement-api:17.6.0] AndroidManifest.xml:30:13-32:85
48                android:name="com.google.firebase.components:com.google.firebase.analytics.connector.internal.AnalyticsConnectorRegistrar"
48-->[com.google.android.gms:play-services-measurement-api:17.6.0] AndroidManifest.xml:31:17-139
49                android:value="com.google.firebase.components.ComponentRegistrar" />
49-->[com.google.android.gms:play-services-measurement-api:17.6.0] AndroidManifest.xml:32:17-82
50            <meta-data
50-->[com.google.firebase:firebase-installations:16.3.2] AndroidManifest.xml:17:13-19:85
51                android:name="com.google.firebase.components:com.google.firebase.installations.FirebaseInstallationsRegistrar"
51-->[com.google.firebase:firebase-installations:16.3.2] AndroidManifest.xml:18:17-127
52                android:value="com.google.firebase.components.ComponentRegistrar" />
52-->[com.google.firebase:firebase-installations:16.3.2] AndroidManifest.xml:19:17-82
53        </service>
54
55        <activity
55-->[com.google.android.gms:play-services-base:17.0.0] AndroidManifest.xml:23:9-26:75
56            android:name="com.google.android.gms.common.api.GoogleApiActivity"
56-->[com.google.android.gms:play-services-base:17.0.0] AndroidManifest.xml:24:13-79
57            android:exported="false"
57-->[com.google.android.gms:play-services-base:17.0.0] AndroidManifest.xml:25:13-37
58            android:theme="@android:style/Theme.Translucent.NoTitleBar" />
58-->[com.google.android.gms:play-services-base:17.0.0] AndroidManifest.xml:26:13-72
59
60        <receiver
60-->[com.google.android.gms:play-services-measurement:17.6.0] AndroidManifest.xml:29:9-33:20
61            android:name="com.google.android.gms.measurement.AppMeasurementReceiver"
61-->[com.google.android.gms:play-services-measurement:17.6.0] AndroidManifest.xml:30:13-85
62            android:enabled="true"
62-->[com.google.android.gms:play-services-measurement:17.6.0] AndroidManifest.xml:31:13-35
63            android:exported="false" >
63-->[com.google.android.gms:play-services-measurement:17.6.0] AndroidManifest.xml:32:13-37
64        </receiver>
65
66        <service
66-->[com.google.android.gms:play-services-measurement:17.6.0] AndroidManifest.xml:35:9-38:40
67            android:name="com.google.android.gms.measurement.AppMeasurementService"
67-->[com.google.android.gms:play-services-measurement:17.6.0] AndroidManifest.xml:36:13-84
68            android:enabled="true"
68-->[com.google.android.gms:play-services-measurement:17.6.0] AndroidManifest.xml:37:13-35
69            android:exported="false" />
69-->[com.google.android.gms:play-services-measurement:17.6.0] AndroidManifest.xml:38:13-37
70        <service
70-->[com.google.android.gms:play-services-measurement:17.6.0] AndroidManifest.xml:39:9-43:72
71            android:name="com.google.android.gms.measurement.AppMeasurementJobService"
71-->[com.google.android.gms:play-services-measurement:17.6.0] AndroidManifest.xml:40:13-87
72            android:enabled="true"
72-->[com.google.android.gms:play-services-measurement:17.6.0] AndroidManifest.xml:41:13-35
73            android:exported="false"
73-->[com.google.android.gms:play-services-measurement:17.6.0] AndroidManifest.xml:42:13-37
74            android:permission="android.permission.BIND_JOB_SERVICE" />
74-->[com.google.android.gms:play-services-measurement:17.6.0] AndroidManifest.xml:43:13-69
75
76        <provider
76-->[com.google.firebase:firebase-common:19.3.1] AndroidManifest.xml:26:9-31:39
77            android:name="com.google.firebase.provider.FirebaseInitProvider"
77-->[com.google.firebase:firebase-common:19.3.1] AndroidManifest.xml:27:13-77
78            android:authorities="com.example.project_buy.firebaseinitprovider"
78-->[com.google.firebase:firebase-common:19.3.1] AndroidManifest.xml:28:13-72
79            android:directBootAware="true"
79-->[com.google.firebase:firebase-common:19.3.1] AndroidManifest.xml:29:13-43
80            android:exported="false"
80-->[com.google.firebase:firebase-common:19.3.1] AndroidManifest.xml:30:13-37
81            android:initOrder="100" />
81-->[com.google.firebase:firebase-common:19.3.1] AndroidManifest.xml:31:13-36
82
83        <meta-data
83-->[com.google.android.gms:play-services-basement:17.0.0] AndroidManifest.xml:23:9-25:69
84            android:name="com.google.android.gms.version"
84-->[com.google.android.gms:play-services-basement:17.0.0] AndroidManifest.xml:24:13-58
85            android:value="@integer/google_play_services_version" />
85-->[com.google.android.gms:play-services-basement:17.0.0] AndroidManifest.xml:25:13-66
86    </application>
87
88</manifest>